<?xml version="1.0" encoding="UTF-8"?>
<Site BuildName="(empty)"
	BuildStamp="20240725-0337-Experimental"
	Name="lagrange"
	Generator="ctest-3.16.3"
	CompilerName="/usr/bin/c++"
	CompilerVersion="9.4.0"
	OSName="Linux"
	Hostname="lagrange"
	OSRelease="5.15.0-89-generic"
	OSVersion="#99~20.04.1-Ubuntu SMP Thu Nov 2 15:16:47 UTC 2023"
	OSPlatform="x86_64"
	Is64Bits="1"
	VendorString="GenuineIntel"
	VendorID="Intel Corporation"
	FamilyID="6"
	ModelID="140"
	ProcessorCacheSize="8192"
	NumberOfLogicalCPU="8"
	NumberOfPhysicalCPU="4"
	TotalVirtualMemory="2048"
	TotalPhysicalMemory="15767"
	LogicalProcessorsPerPhysical="2"
	ProcessorClockFrequency="2394.55"
	>
	<Testing>
		<StartDateTime>Jul 25 11:37 CST</StartDateTime>
		<StartTestTime>1721878649</StartTestTime>
		<TestList/>
		<EndDateTime>Jul 25 11:37 CST</EndDateTime>
		<EndTestTime>1721878649</EndTestTime>
		<ElapsedMinutes>0</ElapsedMinutes>
	</Testing>
</Site>
